Traceback (most recent call last):
  File "/Users/jordanbarker/miniconda3/envs/py311/lib/python3.11/site-packages/jupyter_cache/executors/utils.py", line 58, in single_nb_execution
    executenb(
  File "/Users/jordanbarker/miniconda3/envs/py311/lib/python3.11/site-packages/nbclient/client.py", line 1305, in execute
    return NotebookClient(nb=nb, resources=resources, km=km, **kwargs).execute()
           ^^^^^^^^^^^^^^^^^^^^^^^^^^^^^^^^^^^^^^^^^^^^^^^^^^^^^^^^^^^^^^^^^^^^^
  File "/Users/jordanbarker/miniconda3/envs/py311/lib/python3.11/site-packages/jupyter_core/utils/__init__.py", line 173, in wrapped
    return loop.run_until_complete(inner)
           ^^^^^^^^^^^^^^^^^^^^^^^^^^^^^^
  File "/Users/jordanbarker/miniconda3/envs/py311/lib/python3.11/asyncio/base_events.py", line 653, in run_until_complete
    return future.result()
           ^^^^^^^^^^^^^^^
  File "/Users/jordanbarker/miniconda3/envs/py311/lib/python3.11/site-packages/nbclient/client.py", line 705, in async_execute
    await self.async_execute_cell(
  File "/Users/jordanbarker/miniconda3/envs/py311/lib/python3.11/site-packages/nbclient/client.py", line 1058, in async_execute_cell
    await self._check_raise_for_error(cell, cell_index, exec_reply)
  File "/Users/jordanbarker/miniconda3/envs/py311/lib/python3.11/site-packages/nbclient/client.py", line 914, in _check_raise_for_error
    raise CellExecutionError.from_cell_and_msg(cell, exec_reply_content)
nbclient.exceptions.CellExecutionError: An error occurred while executing the following cell:
------------------
feature_effects = {
    feature: (housing_df[feature] * model.params[feature]).to_numpy() for feature in var_names
}

fig, ax = plt.subplots(figsize=(8, 6))

# Plotting boxplots for each feature
ax.boxplot([feature_effects[feature] for feature in var_names], vert=False, patch_artist=False)
ax.set_yticklabels(var_names)
ax.axvline(0, color='black', linestyle='--')
ax.set_xlabel('Feature effect')

plt.show()
------------------


[0;31m---------------------------------------------------------------------------[0m
[0;31mTypeError[0m                                 Traceback (most recent call last)
Cell [0;32mIn[7], line 1[0m
[0;32m----> 1[0m feature_effects [38;5;241m=[39m [43m{[49m
[1;32m      2[0m [43m    [49m[43mfeature[49m[43m:[49m[43m [49m[43m([49m[43mhousing_df[49m[43m[[49m[43mfeature[49m[43m][49m[43m [49m[38;5;241;43m*[39;49m[43m [49m[43mmodel[49m[38;5;241;43m.[39;49m[43mparams[49m[43m[[49m[43mfeature[49m[43m][49m[43m)[49m[38;5;241;43m.[39;49m[43mto_numpy[49m[43m([49m[43m)[49m[43m [49m[38;5;28;43;01mfor[39;49;00m[43m [49m[43mfeature[49m[43m [49m[38;5;129;43;01min[39;49;00m[43m [49m[43mvar_names[49m
[1;32m      3[0m [43m}[49m
[1;32m      5[0m fig, ax [38;5;241m=[39m plt[38;5;241m.[39msubplots(figsize[38;5;241m=[39m([38;5;241m8[39m, [38;5;241m6[39m))
[1;32m      7[0m [38;5;66;03m# Plotting boxplots for each feature[39;00m

Cell [0;32mIn[7], line 2[0m, in [0;36m<dictcomp>[0;34m(.0)[0m
[1;32m      1[0m feature_effects [38;5;241m=[39m {
[0;32m----> 2[0m     feature: ([43mhousing_df[49m[43m[[49m[43mfeature[49m[43m][49m[43m [49m[38;5;241;43m*[39;49m[43m [49m[43mmodel[49m[38;5;241;43m.[39;49m[43mparams[49m[43m[[49m[43mfeature[49m[43m][49m)[38;5;241m.[39mto_numpy() [38;5;28;01mfor[39;00m feature [38;5;129;01min[39;00m var_names
[1;32m      3[0m }
[1;32m      5[0m fig, ax [38;5;241m=[39m plt[38;5;241m.[39msubplots(figsize[38;5;241m=[39m([38;5;241m8[39m, [38;5;241m6[39m))
[1;32m      7[0m [38;5;66;03m# Plotting boxplots for each feature[39;00m

File [0;32m~/miniconda3/envs/py311/lib/python3.11/site-packages/pandas/core/ops/common.py:76[0m, in [0;36m_unpack_zerodim_and_defer.<locals>.new_method[0;34m(self, other)[0m
[1;32m     72[0m             [38;5;28;01mreturn[39;00m [38;5;28mNotImplemented[39m
[1;32m     74[0m other [38;5;241m=[39m item_from_zerodim(other)
[0;32m---> 76[0m [38;5;28;01mreturn[39;00m [43mmethod[49m[43m([49m[38;5;28;43mself[39;49m[43m,[49m[43m [49m[43mother[49m[43m)[49m

File [0;32m~/miniconda3/envs/py311/lib/python3.11/site-packages/pandas/core/arraylike.py:202[0m, in [0;36mOpsMixin.__mul__[0;34m(self, other)[0m
[1;32m    200[0m [38;5;129m@unpack_zerodim_and_defer[39m([38;5;124m"[39m[38;5;124m__mul__[39m[38;5;124m"[39m)
[1;32m    201[0m [38;5;28;01mdef[39;00m [38;5;21m__mul__[39m([38;5;28mself[39m, other):
[0;32m--> 202[0m     [38;5;28;01mreturn[39;00m [38;5;28;43mself[39;49m[38;5;241;43m.[39;49m[43m_arith_method[49m[43m([49m[43mother[49m[43m,[49m[43m [49m[43moperator[49m[38;5;241;43m.[39;49m[43mmul[49m[43m)[49m

File [0;32m~/miniconda3/envs/py311/lib/python3.11/site-packages/pandas/core/series.py:6126[0m, in [0;36mSeries._arith_method[0;34m(self, other, op)[0m
[1;32m   6124[0m [38;5;28;01mdef[39;00m [38;5;21m_arith_method[39m([38;5;28mself[39m, other, op):
[1;32m   6125[0m     [38;5;28mself[39m, other [38;5;241m=[39m [38;5;28mself[39m[38;5;241m.[39m_align_for_op(other)
[0;32m-> 6126[0m     [38;5;28;01mreturn[39;00m [43mbase[49m[38;5;241;43m.[39;49m[43mIndexOpsMixin[49m[38;5;241;43m.[39;49m[43m_arith_method[49m[43m([49m[38;5;28;43mself[39;49m[43m,[49m[43m [49m[43mother[49m[43m,[49m[43m [49m[43mop[49m[43m)[49m

File [0;32m~/miniconda3/envs/py311/lib/python3.11/site-packages/pandas/core/base.py:1382[0m, in [0;36mIndexOpsMixin._arith_method[0;34m(self, other, op)[0m
[1;32m   1379[0m     rvalues [38;5;241m=[39m np[38;5;241m.[39marange(rvalues[38;5;241m.[39mstart, rvalues[38;5;241m.[39mstop, rvalues[38;5;241m.[39mstep)
[1;32m   1381[0m [38;5;28;01mwith[39;00m np[38;5;241m.[39merrstate([38;5;28mall[39m[38;5;241m=[39m[38;5;124m"[39m[38;5;124mignore[39m[38;5;124m"[39m):
[0;32m-> 1382[0m     result [38;5;241m=[39m [43mops[49m[38;5;241;43m.[39;49m[43marithmetic_op[49m[43m([49m[43mlvalues[49m[43m,[49m[43m [49m[43mrvalues[49m[43m,[49m[43m [49m[43mop[49m[43m)[49m
[1;32m   1384[0m [38;5;28;01mreturn[39;00m [38;5;28mself[39m[38;5;241m.[39m_construct_result(result, name[38;5;241m=[39mres_name)

File [0;32m~/miniconda3/envs/py311/lib/python3.11/site-packages/pandas/core/ops/array_ops.py:273[0m, in [0;36marithmetic_op[0;34m(left, right, op)[0m
[1;32m    260[0m [38;5;66;03m# NB: We assume that extract_array and ensure_wrapped_if_datetimelike[39;00m
[1;32m    261[0m [38;5;66;03m#  have already been called on `left` and `right`,[39;00m
[1;32m    262[0m [38;5;66;03m#  and `maybe_prepare_scalar_for_op` has already been called on `right`[39;00m
[1;32m    263[0m [38;5;66;03m# We need to special-case datetime64/timedelta64 dtypes (e.g. because numpy[39;00m
[1;32m    264[0m [38;5;66;03m# casts integer dtypes to timedelta64 when operating with timedelta64 - GH#22390)[39;00m
[1;32m    266[0m [38;5;28;01mif[39;00m (
[1;32m    267[0m     should_extension_dispatch(left, right)
[1;32m    268[0m     [38;5;129;01mor[39;00m [38;5;28misinstance[39m(right, (Timedelta, BaseOffset, Timestamp))
[0;32m   (...)[0m
[1;32m    271[0m     [38;5;66;03m# Timedelta/Timestamp and other custom scalars are included in the check[39;00m
[1;32m    272[0m     [38;5;66;03m# because numexpr will fail on it, see GH#31457[39;00m
[0;32m--> 273[0m     res_values [38;5;241m=[39m op(left, right)
[1;32m    274[0m [38;5;28;01melse[39;00m:
[1;32m    275[0m     [38;5;66;03m# TODO we should handle EAs consistently and move this check before the if/else[39;00m
[1;32m    276[0m     [38;5;66;03m# (https://github.com/pandas-dev/pandas/issues/41165)[39;00m
[1;32m    277[0m     [38;5;66;03m# error: Argument 2 to "_bool_arith_check" has incompatible type[39;00m
[1;32m    278[0m     [38;5;66;03m# "Union[ExtensionArray, ndarray[Any, Any]]"; expected "ndarray[Any, Any]"[39;00m
[1;32m    279[0m     _bool_arith_check(op, left, right)  [38;5;66;03m# type: ignore[arg-type][39;00m

[0;31mTypeError[0m: unsupported operand type(s) for *: 'Categorical' and 'float'

